<?xml version="1.0" encoding="UTF-8" ?>
<testsuite errors="0" failures="1" hostname="dan-virtual-machine" name="HelloWorldTest" skipped="0" tests="1" time="0.056" timestamp="2018-04-14T13:55:23">
  <properties>
[...]
</properties>
  <testcase classname="HelloWorldTest" name="testHello" time="0.011">
    <failure message="expected:&lt;Hello [s]World!&gt; but was:&lt;Hello []World!&gt;" type="junit.framework.AssertionFailedError">junit.framework.AssertionFailedError: expected:&lt;Hello [s]World!&gt; but was:&lt;Hello []World!&gt;
	at HelloWorldTest.testHello(Unknown Source)
</failure>
  </testcase>
  <system-out><![CDATA[]]></system-out>
  <system-err><![CDATA[]]></system-err>
</testsuite>
